<?xml version="1.0" encoding="UTF-8"?>
<!-- Generated by org.testng.reporters.JUnitReportReporter -->
<testsuite hostname="EPINHYDW0B79" failures="0" tests="1" name="testcases.BankManagerLoginTest" time="0.858" errors="0" timestamp="2024-05-12T09:32:47 IST" skipped="0">
  <testcase classname="testcases.BankManagerLoginTest" name="bankManagerLogin" time="0.858"/>
</testsuite> <!-- testcases.BankManagerLoginTest -->
