<?xml version="1.0" encoding="UTF-8"?>
<!-- Generated by org.testng.reporters.JUnitReportReporter -->
<testsuite hostname="EPINHYDW0B79" failures="0" tests="1" name="testcases.BankManagerLoginTest" time="1.050" errors="0" timestamp="2024-05-11T13:44:02 IST" skipped="0">
  <testcase classname="testcases.BankManagerLoginTest" name="bankManagerLogin" time="1.050"/>
</testsuite> <!-- testcases.BankManagerLoginTest -->
