<?xml version="1.0" encoding="UTF-8"?>
<!-- Generated by org.testng.reporters.JUnitReportReporter -->
<testsuite hostname="EPINHYDW0B79" failures="0" tests="2" name="testcases.OpenAccountTest" time="1.422" errors="0" timestamp="2024-05-12T09:32:47 IST" skipped="0">
  <testcase classname="testcases.OpenAccountTest" name="openAccount" time="0.892"/>
  <testcase classname="testcases.OpenAccountTest" name="openAccount" time="0.530"/>
</testsuite> <!-- testcases.OpenAccountTest -->
