<?xml version="1.0" encoding="UTF-8"?>
<!-- Generated by org.testng.reporters.JUnitReportReporter -->
<testsuite hostname="EPINHYDW0B79" failures="0" tests="2" name="testcases.AddCustomerTest" time="1.952" errors="0" timestamp="2024-05-12T09:32:47 IST" skipped="0">
  <testcase classname="testcases.AddCustomerTest" name="addCustomer" time="1.116"/>
  <testcase classname="testcases.AddCustomerTest" name="addCustomer" time="0.836"/>
</testsuite> <!-- testcases.AddCustomerTest -->
