<?xml version="1.0" encoding="UTF-8"?>
<!-- Generated by org.testng.reporters.JUnitReportReporter -->
<testsuite hostname="EPINHYDW0B79" failures="0" tests="2" name="testcases.AddCustomerTest" time="0.916" errors="0" timestamp="2024-05-11T13:44:02 IST" skipped="0">
  <testcase classname="testcases.AddCustomerTest" name="addCustomer" time="0.287"/>
  <testcase classname="testcases.AddCustomerTest" name="addCustomer" time="0.629"/>
</testsuite> <!-- testcases.AddCustomerTest -->
