<?xml version="1.0" encoding="UTF-8"?>
<!-- Generated by org.testng.reporters.JUnitReportReporter -->
<testsuite hostname="EPINHYDW0B79" failures="0" tests="1" name="testcases.FacebookLogin" time="0.565" errors="0" timestamp="2024-05-04T12:31:39 IST" skipped="0">
  <testcase classname="testcases.FacebookLogin" name="doLogin" time="0.565"/>
</testsuite> <!-- testcases.FacebookLogin -->
