<?xml version="1.0" encoding="UTF-8"?>
<!-- Generated by org.testng.reporters.JUnitReportReporter -->
<testsuite hostname="EPINHYDW0B79" failures="0" tests="2" name="testcases.FacebookReg" time="0.005" errors="0" timestamp="2024-05-04T12:31:39 IST" skipped="0">
  <testcase classname="testcases.FacebookReg" name="doReg" time="0.002"/>
  <testcase classname="testcases.FacebookReg" name="doReg" time="0.003"/>
</testsuite> <!-- testcases.FacebookReg -->
